[2023-07-27 00:01:54] INFO root fetch - main [MainThread]: Get Changelog since Serial: [19050220]
[2023-07-27 00:01:59] INFO root fetch - main [MainThread]: Found 7 changed packages
[2023-07-27 00:01:59] INFO root fetch - processPackages [ThreadPoolExecutor-0_0]: Start processing: scrunch
[2023-07-27 00:01:59] INFO root fetch - processPackages [ThreadPoolExecutor-0_1]: Start processing: IMDBTraktSyncer
[2023-07-27 00:01:59] INFO root fetch - processPackages [ThreadPoolExecutor-0_2]: Start processing: hssm
[2023-07-27 00:01:59] INFO root fetch - processPackages [ThreadPoolExecutor-0_3]: Start processing: omni-pro
[2023-07-27 00:01:59] INFO root fetch - processPackages [ThreadPoolExecutor-0_4]: Start processing: astroQTpy
[2023-07-27 00:01:59] INFO root fetch - processPackages [ThreadPoolExecutor-0_5]: Start processing: genomap
[2023-07-27 00:01:59] INFO root fetch - processPackages [ThreadPoolExecutor-0_6]: Start processing: gscrew
[2023-07-27 00:01:59] INFO root fetch - processPackages [hssm]: New version: [0.1.3] Old Version: [0.1.2]
[2023-07-27 00:01:59] INFO root fetch - processPackages [omni-pro]: New version: [0.1.25] Old Version: [0.1.24]
[2023-07-27 00:01:59] INFO root fetch - processPackages [gscrew]: New version: [1.0.5] Old Version: [1.0.4]
[2023-07-27 00:01:59] WARNING root fetch - processPackages [astroQTpy]: Skipping, unable to determine old version
[2023-07-27 00:01:59] INFO root fetch - main [MainThread]: End processing [astroQTpy] error
[2023-07-27 00:01:59] INFO root fetch - processPackages [IMDBTraktSyncer]: New version: [1.6.0] Old Version: [1.5.5]
[2023-07-27 00:01:59] INFO root fetch - processPackages [scrunch]: New version: [6.5.2012.post1690408577] Old Version: [6.5.2012.post1690406005]
[2023-07-27 00:01:59] INFO root fetch - processPackages [genomap]: New version: [1.3.5] Old Version: [1.3.4]
[2023-07-27 00:01:59] INFO root fetch - processPackages [scrunch]: Downloading https://files.pythonhosted.org/packages/2a/5c/112fd14534e8d22672e5f05831d8b49781246466e1da4caf45b9543ac1d2/scrunch-6.5.2012.post1690406005.tar.gz
[2023-07-27 00:01:59] INFO root fetch - processPackages [omni-pro]: Downloading https://files.pythonhosted.org/packages/a9/a2/f93fd47b5bf8c6b7e04c44ba84879f813e6a2e9825eb790b586f523304e0/omni-pro-0.1.24.tar.gz
[2023-07-27 00:01:59] INFO root fetch - processPackages [gscrew]: Downloading https://files.pythonhosted.org/packages/6f/c8/bafe230100bf33d73848ea11e1eb93998616b9f613f2f08907e4e8da9dcb/gscrew-1.0.4.tar.gz
[2023-07-27 00:01:59] INFO root fetch - processPackages [hssm]: Downloading https://files.pythonhosted.org/packages/34/72/0005de05876749824b28af4b2f437e8257f8137d543e631646600b14eae5/hssm-0.1.2.tar.gz
[2023-07-27 00:01:59] INFO root fetch - processPackages [IMDBTraktSyncer]: Downloading https://files.pythonhosted.org/packages/3a/81/4792204b531e25fef8b575a741b268d4157aa7502978fe9ec396bdf06e4e/IMDBTraktSyncer-1.5.5.tar.gz
[2023-07-27 00:01:59] INFO root fetch - processPackages [genomap]: Downloading https://files.pythonhosted.org/packages/1b/f3/4680bfb611d86e9b65418fba1f2b3f027f2928a6fc40cc46a765bfd0ebee/genomap-1.3.4.tar.gz
[2023-07-27 00:01:59] INFO root fetch - processPackages [scrunch]: Downloading https://files.pythonhosted.org/packages/70/59/b1397b21972a5422289d7814e347cc996c3811c0719640b6e313fa4d13e9/scrunch-6.5.2012.post1690408577.tar.gz
[2023-07-27 00:01:59] INFO root fetch - processPackages [gscrew]: Downloading https://files.pythonhosted.org/packages/a8/9f/a5380e0a290a5b6f295f4d3494240070bccce572b3ffe52c2d4f90aa8e2d/gscrew-1.0.5.tar.gz
[2023-07-27 00:01:59] INFO root fetch - processPackages [omni-pro]: Downloading https://files.pythonhosted.org/packages/0e/6f/81ab79458b37ec890e2d63b255595ce1529b2374b2a88600b42bfdd6f994/omni-pro-0.1.25.tar.gz
[2023-07-27 00:01:59] INFO root fetch - processPackages [hssm]: Downloading https://files.pythonhosted.org/packages/4f/1e/9b17fa8e95a83a9098c959f25bd114765aa49c0b5b361b6e3521e87158ec/hssm-0.1.3.tar.gz
[2023-07-27 00:01:59] INFO root fetch - processPackages [gscrew]: executing diffoscope
[2023-07-27 00:01:59] INFO root fetch - processPackages [gscrew]: podman run --user 0:0 --rm -w /home/abi/fetcher -v /home/abi/fetcher/tmp:/home/abi/fetcher/tmp:ro -v /home/abi/fetcher/20230727:/home/abi/fetcher/20230727:rw registry.salsa.debian.org/reproducible-builds/diffoscope --no-progress tmp/gscrew-1.0.4.tar.gz tmp/gscrew-1.0.5.tar.gz --markdown 20230727/g/gscrew/1.0.4-1.0.5/diff.md --exclude *.pyd
[2023-07-27 00:02:00] INFO root fetch - processPackages [genomap]: Downloading https://files.pythonhosted.org/packages/d2/e6/853ef08a41a02084dade8c74de3e7356cd3af8b79e64f525e17e26d65fa2/genomap-1.3.5.tar.gz
[2023-07-27 00:02:00] INFO root fetch - processPackages [IMDBTraktSyncer]: Downloading https://files.pythonhosted.org/packages/cf/03/144b67221d330f8c1a57bf0a61c9b7d7a35acd717cdd83d9a09bad5504a4/IMDBTraktSyncer-1.6.0.tar.gz
[2023-07-27 00:02:00] INFO root fetch - processPackages [omni-pro]: executing diffoscope
[2023-07-27 00:02:00] INFO root fetch - processPackages [omni-pro]: podman run --user 0:0 --rm -w /home/abi/fetcher -v /home/abi/fetcher/tmp:/home/abi/fetcher/tmp:ro -v /home/abi/fetcher/20230727:/home/abi/fetcher/20230727:rw registry.salsa.debian.org/reproducible-builds/diffoscope --no-progress tmp/omni-pro-0.1.24.tar.gz tmp/omni-pro-0.1.25.tar.gz --markdown 20230727/o/omni-pro/0.1.24-0.1.25/diff.md --exclude *.pyd
[2023-07-27 00:02:00] INFO root fetch - processPackages [genomap]: executing diffoscope
[2023-07-27 00:02:00] INFO root fetch - processPackages [genomap]: podman run --user 0:0 --rm -w /home/abi/fetcher -v /home/abi/fetcher/tmp:/home/abi/fetcher/tmp:ro -v /home/abi/fetcher/20230727:/home/abi/fetcher/20230727:rw registry.salsa.debian.org/reproducible-builds/diffoscope --no-progress tmp/genomap-1.3.4.tar.gz tmp/genomap-1.3.5.tar.gz --markdown 20230727/g/genomap/1.3.4-1.3.5/diff.md --exclude *.pyd
[2023-07-27 00:02:00] INFO root fetch - processPackages [hssm]: executing diffoscope
[2023-07-27 00:02:00] INFO root fetch - processPackages [hssm]: podman run --user 0:0 --rm -w /home/abi/fetcher -v /home/abi/fetcher/tmp:/home/abi/fetcher/tmp:ro -v /home/abi/fetcher/20230727:/home/abi/fetcher/20230727:rw registry.salsa.debian.org/reproducible-builds/diffoscope --no-progress tmp/hssm-0.1.2.tar.gz tmp/hssm-0.1.3.tar.gz --markdown 20230727/h/hssm/0.1.2-0.1.3/diff.md --exclude *.pyd
[2023-07-27 00:02:00] INFO root fetch - processPackages [scrunch]: executing diffoscope
[2023-07-27 00:02:00] INFO root fetch - processPackages [scrunch]: podman run --user 0:0 --rm -w /home/abi/fetcher -v /home/abi/fetcher/tmp:/home/abi/fetcher/tmp:ro -v /home/abi/fetcher/20230727:/home/abi/fetcher/20230727:rw registry.salsa.debian.org/reproducible-builds/diffoscope --no-progress tmp/scrunch-6.5.2012.post1690406005.tar.gz tmp/scrunch-6.5.2012.post1690408577.tar.gz --markdown 20230727/s/scrunch/6.5.2012.post1690406005-6.5.2012.post1690408577/diff.md --exclude *.pyd
[2023-07-27 00:02:00] INFO root fetch - processPackages [IMDBTraktSyncer]: executing diffoscope
[2023-07-27 00:02:00] INFO root fetch - processPackages [IMDBTraktSyncer]: podman run --user 0:0 --rm -w /home/abi/fetcher -v /home/abi/fetcher/tmp:/home/abi/fetcher/tmp:ro -v /home/abi/fetcher/20230727:/home/abi/fetcher/20230727:rw registry.salsa.debian.org/reproducible-builds/diffoscope --no-progress tmp/IMDBTraktSyncer-1.5.5.tar.gz tmp/IMDBTraktSyncer-1.6.0.tar.gz --markdown 20230727/I/IMDBTraktSyncer/1.5.5-1.6.0/diff.md --exclude *.pyd
[2023-07-27 00:02:01] INFO root fetch - processPackages [gscrew]: Remove: archive file [/home/abi/fetcher/tmp/gscrew-1.0.4.tar.gz]
[2023-07-27 00:02:01] INFO root fetch - processPackages [gscrew]: Remove: archive file [/home/abi/fetcher/tmp/gscrew-1.0.5.tar.gz]
[2023-07-27 00:02:01] INFO root fetch - main [MainThread]: End processing [gscrew]: success
[2023-07-27 00:02:01] INFO root fetch - processPackages [hssm]: Remove: archive file [/home/abi/fetcher/tmp/hssm-0.1.2.tar.gz]
[2023-07-27 00:02:01] INFO root fetch - processPackages [hssm]: Remove: archive file [/home/abi/fetcher/tmp/hssm-0.1.3.tar.gz]
[2023-07-27 00:02:01] INFO root fetch - main [MainThread]: End processing [hssm]: success
[2023-07-27 00:02:01] INFO root fetch - processPackages [genomap]: Remove: archive file [/home/abi/fetcher/tmp/genomap-1.3.4.tar.gz]
[2023-07-27 00:02:01] INFO root fetch - processPackages [genomap]: Remove: archive file [/home/abi/fetcher/tmp/genomap-1.3.5.tar.gz]
[2023-07-27 00:02:01] INFO root fetch - main [MainThread]: End processing [genomap]: success
[2023-07-27 00:02:01] INFO root fetch - processPackages [IMDBTraktSyncer]: Remove: archive file [/home/abi/fetcher/tmp/IMDBTraktSyncer-1.5.5.tar.gz]
[2023-07-27 00:02:01] INFO root fetch - processPackages [IMDBTraktSyncer]: Remove: archive file [/home/abi/fetcher/tmp/IMDBTraktSyncer-1.6.0.tar.gz]
[2023-07-27 00:02:01] INFO root fetch - main [MainThread]: End processing [IMDBTraktSyncer]: success
[2023-07-27 00:02:01] INFO root fetch - processPackages [scrunch]: Remove: archive file [/home/abi/fetcher/tmp/scrunch-6.5.2012.post1690406005.tar.gz]
[2023-07-27 00:02:01] INFO root fetch - processPackages [scrunch]: Remove: archive file [/home/abi/fetcher/tmp/scrunch-6.5.2012.post1690408577.tar.gz]
[2023-07-27 00:02:01] INFO root fetch - main [MainThread]: End processing [scrunch]: success
[2023-07-27 00:02:02] INFO root fetch - processPackages [omni-pro]: Remove: archive file [/home/abi/fetcher/tmp/omni-pro-0.1.24.tar.gz]
[2023-07-27 00:02:02] INFO root fetch - processPackages [omni-pro]: Remove: archive file [/home/abi/fetcher/tmp/omni-pro-0.1.25.tar.gz]
[2023-07-27 00:02:02] INFO root fetch - main [MainThread]: End processing [omni-pro]: success
[2023-07-27 00:02:02] INFO root fetch - main [MainThread]: Store serial: [19050244]
